<?xml version="1.0" encoding="UTF-8"?>
<!-- Generated by org.testng.reporters.JUnitReportReporter -->
<testsuite hostname="HpPoonam" failures="0" tests="6" name="LearnTestNG.BasicTest" time="0.052" errors="0" timestamp="2 May 2024 15:21:34 GMT">
  <testcase classname="LearnTestNG.BasicTest" name="B123" time="0.006"/>
  <testcase classname="LearnTestNG.BasicTest" name="A" time="0.012"/>
  <testcase classname="LearnTestNG.BasicTest" name="DB" time="0.005"/>
  <testcase classname="LearnTestNG.BasicTest" name="B" time="0.007"/>
  <testcase classname="LearnTestNG.BasicTest" name="CA" time="0.014"/>
  <testcase classname="LearnTestNG.BasicTest" name="A235" time="0.008"/>
</testsuite> <!-- LearnTestNG.BasicTest -->
